<?xml version="1.0" encoding="UTF-8"?>
<!-- Generated by org.testng.reporters.JUnitReportReporter -->
<testsuite skipped="0" hostname="HCPLH1216LP1539" name="util.TestExcelReading" tests="1" failures="0" timestamp="10 Dec 2018 11:45:52 GMT" time="0.664" errors="0">
  <testcase name="getData" time="0.664" classname="util.TestExcelReading"/>
</testsuite> <!-- util.TestExcelReading -->
