<?xml version="1.0" encoding="UTF-8"?>
<!-- Generated by org.testng.reporters.JUnitReportReporter -->
<testsuite skipped="0" hostname="HCPLH1216LP1539" name="testcases.LoginPageTest" tests="1" failures="0" timestamp="02 Jan 2019 11:15:20 GMT" time="32.360" errors="0">
  <testcase name="loginJinzai" time="32.360" classname="testcases.LoginPageTest"/>
</testsuite> <!-- testcases.LoginPageTest -->
