<?xml version="1.0" encoding="UTF-8"?>
<!-- Generated by org.testng.reporters.JUnitReportReporter -->
<testsuite skipped="0" hostname="HCPLH1216LP1539" name="testcases.ExcelTest" tests="1" failures="0" timestamp="02 Jan 2019 11:28:02 GMT" time="0.537" errors="0">
  <testcase name="TestExcel1" time="0.537" classname="testcases.ExcelTest"/>
</testsuite> <!-- testcases.ExcelTest -->
