<?xml version="1.0" encoding="UTF-8"?>
<!-- Generated by org.testng.reporters.JUnitReportReporter -->
<testsuite skipped="0" hostname="HCPLH1216LP1539" name="testcases.ExcelTest" tests="1" failures="0" timestamp="11 Dec 2018 11:55:45 GMT" time="0.627" errors="0">
  <testcase name="TestExcel" time="0.627" classname="testcases.ExcelTest"/>
</testsuite> <!-- testcases.ExcelTest -->
