<?xml version="1.0" encoding="UTF-8"?>
<!-- Generated by org.testng.reporters.JUnitReportReporter -->
<testsuite skipped="0" hostname="HCPLH1216LP1539" name="testcases.LoginPageTest" tests="1" failures="0" timestamp="05 Nov 2018 11:57:45 GMT" time="25.391" errors="0">
  <testcase name="loginJinzai" time="25.391" classname="testcases.LoginPageTest"/>
</testsuite> <!-- testcases.LoginPageTest -->
